<?xml version="1.0" encoding="UTF-8"?>
<!-- Generated by org.testng.reporters.JUnitReportReporter -->
<testsuite name="Test_Cases.HottelApp" tests="1" time="2.187" ignored="1" failures="0" timestamp="16 Feb 2017 06:07:39 GMT" skipped="0" hostname="DESKTOP-6I1DSOE" errors="0">
  <testcase name="TC_101" time="2.187" classname="Test_Cases.HottelApp"/>
  <testcase name="TC_102" classname="Test_Cases.HottelApp">
    <skipped/>
  </testcase> <!-- TC_102 -->
</testsuite> <!-- Test_Cases.HottelApp -->
